<?xml version="1.0" encoding="UTF-8"?>
<!-- Generated by org.testng.reporters.JUnitReportReporter -->
<testsuite hostname="Av-Pn-DipikaM" failures="0" tests="3" name="restassured.TestPost" time="3.631" errors="0" timestamp="11 Dec 2021 11:07:36 GMT">
  <testcase classname="restassured.TestPost" name="test1" time="2.299"/>
  <testcase classname="restassured.TestPost" name="test2" time="0.718"/>
  <testcase classname="restassured.TestPost" name="testPut" time="0.614"/>
</testsuite> <!-- restassured.TestPost -->
