<?xml version="1.0" encoding="UTF-8"?>
<!-- Generated by org.testng.reporters.JUnitReportReporter -->
<testsuite hostname="Av-Pn-DipikaM" failures="0" tests="2" name="restassured.test_01_get" time="4.433" errors="0" timestamp="11 Dec 2021 07:30:09 GMT">
  <testcase classname="restassured.test_01_get" name="test01" time="3.136"/>
  <testcase classname="restassured.test_01_get" name="test02" time="1.297"/>
</testsuite> <!-- restassured.test_01_get -->
